  asst6.cpp
c:\users\m2ucr\desktop\2018spring\cs380\homework\hw6\hw6\uniforms.h(123): warning C4996: 'std::tr1': warning STL4002: The non-Standard std::tr1 namespace and TR1-only machinery are deprecated and will be REMOVED. You can define _SILENCE_TR1_NAMESPACE_DEPRECATION_WARNING to acknowledge that you have received this warning.
  c:\program files (x86)\microsoft visual studio\2017\community\vc\tools\msvc\14.13.26128\include\tuple(1166): note: 'std::tr1' 선언을 참조하십시오.
c:\users\m2ucr\desktop\2018spring\cs380\homework\hw6\hw6\uniforms.h(165): warning C4996: 'std::tr1': warning STL4002: The non-Standard std::tr1 namespace and TR1-only machinery are deprecated and will be REMOVED. You can define _SILENCE_TR1_NAMESPACE_DEPRECATION_WARNING to acknowledge that you have received this warning.
  c:\program files (x86)\microsoft visual studio\2017\community\vc\tools\msvc\14.13.26128\include\tuple(1166): note: 'std::tr1' 선언을 참조하십시오.
c:\users\m2ucr\desktop\2018spring\cs380\homework\hw6\hw6\uniforms.h(255): warning C4996: 'std::tr1': warning STL4002: The non-Standard std::tr1 namespace and TR1-only machinery are deprecated and will be REMOVED. You can define _SILENCE_TR1_NAMESPACE_DEPRECATION_WARNING to acknowledge that you have received this warning.
  c:\program files (x86)\microsoft visual studio\2017\community\vc\tools\msvc\14.13.26128\include\tuple(1166): note: 'std::tr1' 선언을 참조하십시오.
c:\users\m2ucr\desktop\2018spring\cs380\homework\hw6\hw6\uniforms.h(319): warning C4996: 'std::tr1': warning STL4002: The non-Standard std::tr1 namespace and TR1-only machinery are deprecated and will be REMOVED. You can define _SILENCE_TR1_NAMESPACE_DEPRECATION_WARNING to acknowledge that you have received this warning.
  c:\program files (x86)\microsoft visual studio\2017\community\vc\tools\msvc\14.13.26128\include\tuple(1166): note: 'std::tr1' 선언을 참조하십시오.
c:\users\m2ucr\desktop\2018spring\cs380\homework\hw6\hw6\uniforms.h(321): warning C4996: 'std::tr1': warning STL4002: The non-Standard std::tr1 namespace and TR1-only machinery are deprecated and will be REMOVED. You can define _SILENCE_TR1_NAMESPACE_DEPRECATION_WARNING to acknowledge that you have received this warning.
  c:\program files (x86)\microsoft visual studio\2017\community\vc\tools\msvc\14.13.26128\include\tuple(1166): note: 'std::tr1' 선언을 참조하십시오.
c:\users\m2ucr\desktop\2018spring\cs380\homework\hw6\hw6\uniforms.h(339): warning C4996: 'std::tr1': warning STL4002: The non-Standard std::tr1 namespace and TR1-only machinery are deprecated and will be REMOVED. You can define _SILENCE_TR1_NAMESPACE_DEPRECATION_WARNING to acknowledge that you have received this warning.
  c:\program files (x86)\microsoft visual studio\2017\community\vc\tools\msvc\14.13.26128\include\tuple(1166): note: 'std::tr1' 선언을 참조하십시오.
c:\users\m2ucr\desktop\2018spring\cs380\homework\hw6\hw6\geometry.h(224): warning C4996: 'std::tr1': warning STL4002: The non-Standard std::tr1 namespace and TR1-only machinery are deprecated and will be REMOVED. You can define _SILENCE_TR1_NAMESPACE_DEPRECATION_WARNING to acknowledge that you have received this warning.
  c:\program files (x86)\microsoft visual studio\2017\community\vc\tools\msvc\14.13.26128\include\tuple(1166): note: 'std::tr1' 선언을 참조하십시오.
c:\users\m2ucr\desktop\2018spring\cs380\homework\hw6\hw6\geometry.h(230): warning C4996: 'std::tr1': warning STL4002: The non-Standard std::tr1 namespace and TR1-only machinery are deprecated and will be REMOVED. You can define _SILENCE_TR1_NAMESPACE_DEPRECATION_WARNING to acknowledge that you have received this warning.
  c:\program files (x86)\microsoft visual studio\2017\community\vc\tools\msvc\14.13.26128\include\tuple(1166): note: 'std::tr1' 선언을 참조하십시오.
c:\users\m2ucr\desktop\2018spring\cs380\homework\hw6\hw6\geometry.h(234): warning C4996: 'std::tr1': warning STL4002: The non-Standard std::tr1 namespace and TR1-only machinery are deprecated and will be REMOVED. You can define _SILENCE_TR1_NAMESPACE_DEPRECATION_WARNING to acknowledge that you have received this warning.
  c:\program files (x86)\microsoft visual studio\2017\community\vc\tools\msvc\14.13.26128\include\tuple(1166): note: 'std::tr1' 선언을 참조하십시오.
c:\users\m2ucr\desktop\2018spring\cs380\homework\hw6\hw6\geometry.h(237): warning C4996: 'std::tr1': warning STL4002: The non-Standard std::tr1 namespace and TR1-only machinery are deprecated and will be REMOVED. You can define _SILENCE_TR1_NAMESPACE_DEPRECATION_WARNING to acknowledge that you have received this warning.
  c:\program files (x86)\microsoft visual studio\2017\community\vc\tools\msvc\14.13.26128\include\tuple(1166): note: 'std::tr1' 선언을 참조하십시오.
c:\users\m2ucr\desktop\2018spring\cs380\homework\hw6\hw6\geometry.h(261): warning C4996: 'std::tr1': warning STL4002: The non-Standard std::tr1 namespace and TR1-only machinery are deprecated and will be REMOVED. You can define _SILENCE_TR1_NAMESPACE_DEPRECATION_WARNING to acknowledge that you have received this warning.
  c:\program files (x86)\microsoft visual studio\2017\community\vc\tools\msvc\14.13.26128\include\tuple(1166): note: 'std::tr1' 선언을 참조하십시오.
c:\users\m2ucr\desktop\2018spring\cs380\homework\hw6\hw6\geometry.h(266): warning C4996: 'std::tr1': warning STL4002: The non-Standard std::tr1 namespace and TR1-only machinery are deprecated and will be REMOVED. You can define _SILENCE_TR1_NAMESPACE_DEPRECATION_WARNING to acknowledge that you have received this warning.
  c:\program files (x86)\microsoft visual studio\2017\community\vc\tools\msvc\14.13.26128\include\tuple(1166): note: 'std::tr1' 선언을 참조하십시오.
c:\users\m2ucr\desktop\2018spring\cs380\homework\hw6\hw6\geometry.h(413): warning C4996: 'std::tr1': warning STL4002: The non-Standard std::tr1 namespace and TR1-only machinery are deprecated and will be REMOVED. You can define _SILENCE_TR1_NAMESPACE_DEPRECATION_WARNING to acknowledge that you have received this warning.
  c:\program files (x86)\microsoft visual studio\2017\community\vc\tools\msvc\14.13.26128\include\tuple(1166): note: 'std::tr1' 선언을 참조하십시오.
  c:\users\m2ucr\desktop\2018spring\cs380\homework\hw6\hw6\geometry.h(430): note: 컴파일 중인 클래스 템플릿 인스턴스화 'SimpleUnindexedGeometry<Vertex>'에 대한 참조를 확인하세요.
c:\users\m2ucr\desktop\2018spring\cs380\homework\hw6\hw6\geometry.h(436): warning C4996: 'std::tr1': warning STL4002: The non-Standard std::tr1 namespace and TR1-only machinery are deprecated and will be REMOVED. You can define _SILENCE_TR1_NAMESPACE_DEPRECATION_WARNING to acknowledge that you have received this warning.
  c:\program files (x86)\microsoft visual studio\2017\community\vc\tools\msvc\14.13.26128\include\tuple(1166): note: 'std::tr1' 선언을 참조하십시오.
  c:\users\m2ucr\desktop\2018spring\cs380\homework\hw6\hw6\geometry.h(470): note: 컴파일 중인 클래스 템플릿 인스턴스화 'SimpleIndexedGeometry<Vertex,Index>'에 대한 참조를 확인하세요.
c:\users\m2ucr\desktop\2018spring\cs380\homework\hw6\hw6\geometry.h(437): warning C4996: 'std::tr1': warning STL4002: The non-Standard std::tr1 namespace and TR1-only machinery are deprecated and will be REMOVED. You can define _SILENCE_TR1_NAMESPACE_DEPRECATION_WARNING to acknowledge that you have received this warning.
  c:\program files (x86)\microsoft visual studio\2017\community\vc\tools\msvc\14.13.26128\include\tuple(1166): note: 'std::tr1' 선언을 참조하십시오.
c:\users\m2ucr\desktop\2018spring\cs380\homework\hw6\hw6\material.h(36): warning C4996: 'std::tr1': warning STL4002: The non-Standard std::tr1 namespace and TR1-only machinery are deprecated and will be REMOVED. You can define _SILENCE_TR1_NAMESPACE_DEPRECATION_WARNING to acknowledge that you have received this warning.
  c:\program files (x86)\microsoft visual studio\2017\community\vc\tools\msvc\14.13.26128\include\tuple(1166): note: 'std::tr1' 선언을 참조하십시오.
c:\users\m2ucr\desktop\2018spring\cs380\homework\hw6\hw6\asstcommon.h(18): warning C4996: 'std::tr1': warning STL4002: The non-Standard std::tr1 namespace and TR1-only machinery are deprecated and will be REMOVED. You can define _SILENCE_TR1_NAMESPACE_DEPRECATION_WARNING to acknowledge that you have received this warning.
  c:\program files (x86)\microsoft visual studio\2017\community\vc\tools\msvc\14.13.26128\include\tuple(1166): note: 'std::tr1' 선언을 참조하십시오.
c:\users\m2ucr\desktop\2018spring\cs380\homework\hw6\hw6\scenegraph.h(20): warning C4996: 'std::tr1': warning STL4002: The non-Standard std::tr1 namespace and TR1-only machinery are deprecated and will be REMOVED. You can define _SILENCE_TR1_NAMESPACE_DEPRECATION_WARNING to acknowledge that you have received this warning.
  c:\program files (x86)\microsoft visual studio\2017\community\vc\tools\msvc\14.13.26128\include\tuple(1166): note: 'std::tr1' 선언을 참조하십시오.
c:\users\m2ucr\desktop\2018spring\cs380\homework\hw6\hw6\scenegraph.h(49): warning C4996: 'std::tr1': warning STL4002: The non-Standard std::tr1 namespace and TR1-only machinery are deprecated and will be REMOVED. You can define _SILENCE_TR1_NAMESPACE_DEPRECATION_WARNING to acknowledge that you have received this warning.
  c:\program files (x86)\microsoft visual studio\2017\community\vc\tools\msvc\14.13.26128\include\tuple(1166): note: 'std::tr1' 선언을 참조하십시오.
c:\users\m2ucr\desktop\2018spring\cs380\homework\hw6\hw6\scenegraph.h(50): warning C4996: 'std::tr1': warning STL4002: The non-Standard std::tr1 namespace and TR1-only machinery are deprecated and will be REMOVED. You can define _SILENCE_TR1_NAMESPACE_DEPRECATION_WARNING to acknowledge that you have received this warning.
  c:\program files (x86)\microsoft visual studio\2017\community\vc\tools\msvc\14.13.26128\include\tuple(1166): note: 'std::tr1' 선언을 참조하십시오.
c:\users\m2ucr\desktop\2018spring\cs380\homework\hw6\hw6\scenegraph.h(56): warning C4996: 'std::tr1': warning STL4002: The non-Standard std::tr1 namespace and TR1-only machinery are deprecated and will be REMOVED. You can define _SILENCE_TR1_NAMESPACE_DEPRECATION_WARNING to acknowledge that you have received this warning.
  c:\program files (x86)\microsoft visual studio\2017\community\vc\tools\msvc\14.13.26128\include\tuple(1166): note: 'std::tr1' 선언을 참조하십시오.
c:\users\m2ucr\desktop\2018spring\cs380\homework\hw6\hw6\scenegraph.h(61): warning C4996: 'std::tr1': warning STL4002: The non-Standard std::tr1 namespace and TR1-only machinery are deprecated and will be REMOVED. You can define _SILENCE_TR1_NAMESPACE_DEPRECATION_WARNING to acknowledge that you have received this warning.
  c:\program files (x86)\microsoft visual studio\2017\community\vc\tools\msvc\14.13.26128\include\tuple(1166): note: 'std::tr1' 선언을 참조하십시오.
c:\users\m2ucr\desktop\2018spring\cs380\homework\hw6\hw6\scenegraph.h(91): warning C4996: 'std::tr1': warning STL4002: The non-Standard std::tr1 namespace and TR1-only machinery are deprecated and will be REMOVED. You can define _SILENCE_TR1_NAMESPACE_DEPRECATION_WARNING to acknowledge that you have received this warning.
  c:\program files (x86)\microsoft visual studio\2017\community\vc\tools\msvc\14.13.26128\include\tuple(1166): note: 'std::tr1' 선언을 참조하십시오.
c:\users\m2ucr\desktop\2018spring\cs380\homework\hw6\hw6\scenegraph.h(92): warning C4996: 'std::tr1': warning STL4002: The non-Standard std::tr1 namespace and TR1-only machinery are deprecated and will be REMOVED. You can define _SILENCE_TR1_NAMESPACE_DEPRECATION_WARNING to acknowledge that you have received this warning.
  c:\program files (x86)\microsoft visual studio\2017\community\vc\tools\msvc\14.13.26128\include\tuple(1166): note: 'std::tr1' 선언을 참조하십시오.
c:\users\m2ucr\desktop\2018spring\cs380\homework\hw6\hw6\scenegraph.h(130): warning C4996: 'std::tr1': warning STL4002: The non-Standard std::tr1 namespace and TR1-only machinery are deprecated and will be REMOVED. You can define _SILENCE_TR1_NAMESPACE_DEPRECATION_WARNING to acknowledge that you have received this warning.
  c:\program files (x86)\microsoft visual studio\2017\community\vc\tools\msvc\14.13.26128\include\tuple(1166): note: 'std::tr1' 선언을 참조하십시오.
c:\users\m2ucr\desktop\2018spring\cs380\homework\hw6\hw6\scenegraph.h(131): warning C4996: 'std::tr1': warning STL4002: The non-Standard std::tr1 namespace and TR1-only machinery are deprecated and will be REMOVED. You can define _SILENCE_TR1_NAMESPACE_DEPRECATION_WARNING to acknowledge that you have received this warning.
  c:\program files (x86)\microsoft visual studio\2017\community\vc\tools\msvc\14.13.26128\include\tuple(1166): note: 'std::tr1' 선언을 참조하십시오.
c:\users\m2ucr\desktop\2018spring\cs380\homework\hw6\hw6\scenegraph.h(134): warning C4996: 'std::tr1': warning STL4002: The non-Standard std::tr1 namespace and TR1-only machinery are deprecated and will be REMOVED. You can define _SILENCE_TR1_NAMESPACE_DEPRECATION_WARNING to acknowledge that you have received this warning.
  c:\program files (x86)\microsoft visual studio\2017\community\vc\tools\msvc\14.13.26128\include\tuple(1166): note: 'std::tr1' 선언을 참조하십시오.
c:\users\m2ucr\desktop\2018spring\cs380\homework\hw6\hw6\picker.h(19): warning C4996: 'std::tr1': warning STL4002: The non-Standard std::tr1 namespace and TR1-only machinery are deprecated and will be REMOVED. You can define _SILENCE_TR1_NAMESPACE_DEPRECATION_WARNING to acknowledge that you have received this warning.
  c:\program files (x86)\microsoft visual studio\2017\community\vc\tools\msvc\14.13.26128\include\tuple(1166): note: 'std::tr1' 선언을 참조하십시오.
c:\users\m2ucr\desktop\2018spring\cs380\homework\hw6\hw6\picker.h(21): warning C4996: 'std::tr1': warning STL4002: The non-Standard std::tr1 namespace and TR1-only machinery are deprecated and will be REMOVED. You can define _SILENCE_TR1_NAMESPACE_DEPRECATION_WARNING to acknowledge that you have received this warning.
  c:\program files (x86)\microsoft visual studio\2017\community\vc\tools\msvc\14.13.26128\include\tuple(1166): note: 'std::tr1' 선언을 참조하십시오.
c:\users\m2ucr\desktop\2018spring\cs380\homework\hw6\hw6\picker.h(29): warning C4996: 'std::tr1': warning STL4002: The non-Standard std::tr1 namespace and TR1-only machinery are deprecated and will be REMOVED. You can define _SILENCE_TR1_NAMESPACE_DEPRECATION_WARNING to acknowledge that you have received this warning.
  c:\program files (x86)\microsoft visual studio\2017\community\vc\tools\msvc\14.13.26128\include\tuple(1166): note: 'std::tr1' 선언을 참조하십시오.
c:\users\m2ucr\desktop\2018spring\cs380\homework\hw6\hw6\picker.h(30): warning C4996: 'std::tr1': warning STL4002: The non-Standard std::tr1 namespace and TR1-only machinery are deprecated and will be REMOVED. You can define _SILENCE_TR1_NAMESPACE_DEPRECATION_WARNING to acknowledge that you have received this warning.
  c:\program files (x86)\microsoft visual studio\2017\community\vc\tools\msvc\14.13.26128\include\tuple(1166): note: 'std::tr1' 선언을 참조하십시오.
c:\users\m2ucr\desktop\2018spring\cs380\homework\hw6\hw6\picker.h(43): warning C4996: 'std::tr1': warning STL4002: The non-Standard std::tr1 namespace and TR1-only machinery are deprecated and will be REMOVED. You can define _SILENCE_TR1_NAMESPACE_DEPRECATION_WARNING to acknowledge that you have received this warning.
  c:\program files (x86)\microsoft visual studio\2017\community\vc\tools\msvc\14.13.26128\include\tuple(1166): note: 'std::tr1' 선언을 참조하십시오.
c:\users\m2ucr\desktop\2018spring\cs380\homework\hw6\hw6\sgutils.h(9): warning C4996: 'std::tr1': warning STL4002: The non-Standard std::tr1 namespace and TR1-only machinery are deprecated and will be REMOVED. You can define _SILENCE_TR1_NAMESPACE_DEPRECATION_WARNING to acknowledge that you have received this warning.
  c:\program files (x86)\microsoft visual studio\2017\community\vc\tools\msvc\14.13.26128\include\tuple(1166): note: 'std::tr1' 선언을 참조하십시오.
c:\users\m2ucr\desktop\2018spring\cs380\homework\hw6\hw6\sgutils.h(17): warning C4996: 'std::tr1': warning STL4002: The non-Standard std::tr1 namespace and TR1-only machinery are deprecated and will be REMOVED. You can define _SILENCE_TR1_NAMESPACE_DEPRECATION_WARNING to acknowledge that you have received this warning.
  c:\program files (x86)\microsoft visual studio\2017\community\vc\tools\msvc\14.13.26128\include\tuple(1166): note: 'std::tr1' 선언을 참조하십시오.
c:\users\m2ucr\desktop\2018spring\cs380\homework\hw6\hw6\sgutils.h(25): warning C4996: 'std::tr1': warning STL4002: The non-Standard std::tr1 namespace and TR1-only machinery are deprecated and will be REMOVED. You can define _SILENCE_TR1_NAMESPACE_DEPRECATION_WARNING to acknowledge that you have received this warning.
  c:\program files (x86)\microsoft visual studio\2017\community\vc\tools\msvc\14.13.26128\include\tuple(1166): note: 'std::tr1' 선언을 참조하십시오.
c:\users\m2ucr\desktop\2018spring\cs380\homework\hw6\hw6\asst6.cpp(42): warning C4996: 'std::tr1': warning STL4002: The non-Standard std::tr1 namespace and TR1-only machinery are deprecated and will be REMOVED. You can define _SILENCE_TR1_NAMESPACE_DEPRECATION_WARNING to acknowledge that you have received this warning.
  c:\program files (x86)\microsoft visual studio\2017\community\vc\tools\msvc\14.13.26128\include\tuple(1166): note: 'std::tr1' 선언을 참조하십시오.
c:\users\m2ucr\desktop\2018spring\cs380\homework\hw6\hw6\asst6.cpp(840): warning C4838: 'const double'에서 'float'(으)로의 변환에는 축소 변환이 필요합니다.
c:\users\m2ucr\desktop\2018spring\cs380\homework\hw6\hw6\asst6.cpp(859): warning C4838: 'double'에서 'float'(으)로의 변환에는 축소 변환이 필요합니다.
c:\users\m2ucr\desktop\2018spring\cs380\homework\hw6\hw6\asst6.cpp(859): warning C4838: 'const double'에서 'float'(으)로의 변환에는 축소 변환이 필요합니다.
  asst5.vcxproj -> C:\Users\m2ucr\Desktop\2018Spring\CS380\Homework\HW6\hw6\.\Debug\asst6.exe
